[0.018s] Invoking command in '/home/artil/tello-ros2/workspace/build/tello_control': /usr/bin/cmake /home/artil/tello-ros2/workspace/src/tello_control -DAMENT_CMAKE_SYMLINK_INSTALL=1 -DCMAKE_INSTALL_PREFIX=/home/artil/tello-ros2/workspace/install/tello_control
[0.083s] -- The C compiler identification is GNU 9.4.0
[0.154s] -- The CXX compiler identification is GNU 9.4.0
[0.158s] -- Check for working C compiler: /usr/bin/cc
[0.237s] -- Check for working C compiler: /usr/bin/cc -- works
[0.238s] -- Detecting C compiler ABI info
[0.320s] -- Detecting C compiler ABI info - done
[0.331s] -- Detecting C compile features
[0.331s] -- Detecting C compile features - done
[0.333s] -- Check for working CXX compiler: /usr/bin/c++
[0.427s] -- Check for working CXX compiler: /usr/bin/c++ -- works
[0.428s] -- Detecting CXX compiler ABI info
[0.530s] -- Detecting CXX compiler ABI info - done
[0.541s] -- Detecting CXX compile features
[0.542s] -- Detecting CXX compile features - done
[0.554s] -- Found OpenCV version 4.2.0
[0.566s] CMake Error at CMakeLists.txt:20 (find_package):
[0.566s]   By not providing "Findament_cmake.cmake" in CMAKE_MODULE_PATH this project
[0.566s]   has asked CMake to find a package configuration file provided by
[0.567s]   "ament_cmake", but CMake did not find one.
[0.567s] 
[0.567s]   Could not find a package configuration file provided by "ament_cmake" with
[0.567s]   any of the following names:
[0.567s] 
[0.567s]     ament_cmakeConfig.cmake
[0.567s]     ament_cmake-config.cmake
[0.567s] 
[0.567s]   Add the installation prefix of "ament_cmake" to CMAKE_PREFIX_PATH or set
[0.567s]   "ament_cmake_DIR" to a directory containing one of the above files.  If
[0.567s]   "ament_cmake" provides a separate development package or SDK, be sure it
[0.567s]   has been installed.
[0.568s] 
[0.568s] 
[0.568s] -- Configuring incomplete, errors occurred!
[0.568s] See also "/home/artil/tello-ros2/workspace/build/tello_control/CMakeFiles/CMakeOutput.log".
