[0.018s] Invoking command in '/home/artil/tello-ros2/workspace/build/tello_msg': /usr/bin/cmake /home/artil/tello-ros2/workspace/src/tello_msg -DAMENT_CMAKE_SYMLINK_INSTALL=1 -DCMAKE_INSTALL_PREFIX=/home/artil/tello-ros2/workspace/install/tello_msg
[0.083s] -- The C compiler identification is GNU 9.4.0
[0.147s] -- The CXX compiler identification is GNU 9.4.0
[0.151s] -- Check for working C compiler: /usr/bin/cc
[0.234s] -- Check for working C compiler: /usr/bin/cc -- works
[0.239s] -- Detecting C compiler ABI info
[0.317s] -- Detecting C compiler ABI info - done
[0.328s] -- Detecting C compile features
[0.328s] -- Detecting C compile features - done
[0.330s] -- Check for working CXX compiler: /usr/bin/c++
[0.424s] -- Check for working CXX compiler: /usr/bin/c++ -- works
[0.425s] -- Detecting CXX compiler ABI info
[0.525s] -- Detecting CXX compiler ABI info - done
[0.537s] -- Detecting CXX compile features
[0.537s] -- Detecting CXX compile features - done
[0.546s] CMake Error at CMakeLists.txt:14 (find_package):
[0.546s]   By not providing "Findament_cmake.cmake" in CMAKE_MODULE_PATH this project
[0.546s]   has asked CMake to find a package configuration file provided by
[0.547s]   "ament_cmake", but CMake did not find one.
[0.547s] 
[0.547s]   Could not find a package configuration file provided by "ament_cmake" with
[0.547s]   any of the following names:
[0.547s] 
[0.547s]     ament_cmakeConfig.cmake
[0.547s]     ament_cmake-config.cmake
[0.547s] 
[0.548s]   Add the installation prefix of "ament_cmake" to CMAKE_PREFIX_PATH or set
[0.548s]   "ament_cmake_DIR" to a directory containing one of the above files.  If
[0.548s]   "ament_cmake" provides a separate development package or SDK, be sure it
[0.548s]   has been installed.
[0.548s] 
[0.548s] 
[0.548s] -- Configuring incomplete, errors occurred!
[0.548s] See also "/home/artil/tello-ros2/workspace/build/tello_msg/CMakeFiles/CMakeOutput.log".
[0.550s] Invoked command in '/home/artil/tello-ros2/workspace/build/tello_msg' returned '1': /usr/bin/cmake /home/artil/tello-ros2/workspace/src/tello_msg -DAMENT_CMAKE_SYMLINK_INSTALL=1 -DCMAKE_INSTALL_PREFIX=/home/artil/tello-ros2/workspace/install/tello_msg
